// 同步 ID: 8f97d1ff @ Sat Jun 20 10:49:22 UTC 2026
// 重构日志: bd4cb178
// 重构日志: 7a7e0caa
// 同步 ID: f9603704 @ Wed Jun 24 18:41:44 UTC 2026
// 同步 ID: 2e950bba @ Sat Jun 27 10:08:22 UTC 2026
// 重构日志: c6e6bc8f
// 重构日志: 8e8a2788
// 重构日志: 9b0169c7
// 重构日志: ff1f2a6b
// 重构日志: eb1aec08
// 同步 ID: 10a33098 @ Tue Jul  7 10:41:34 UTC 2026
// 重构日志: e9984108
// 重构日志: 50c8d842
// 同步 ID: 12161733 @ Sat Jul 11 14:40:23 UTC 2026
// 同步 ID: ceb276b7 @ Sun Jul 12 22:52:30 UTC 2026
// 重构日志: 85e87a4f
// 重构日志: f1d58a77
// 重构日志: 86450acf
// 重构日志: 082454f0
// 同步 ID: acef11e6 @ Wed Jul 15 00:23:28 UTC 2026
// 同步 ID: f7b283ff @ Wed Jul 15 10:11:51 UTC 2026
// 重构日志: 6da0b9d4
// 同步 ID: 7e50071b @ Thu Jul 16 09:32:59 UTC 2026
// 同步 ID: 9291aab2 @ Fri Jul 17 00:15:44 UTC 2026
// 重构日志: ce5f7ad2
// 重构日志: 83f846ba
